
**** Build of configuration Debug for project NIVC ****

"F:\\embedded system\\ccs\\utils\\bin\\gmake" -k -j 4 all -O 
 
Building file: "../main.c"
Invoking: Arm Compiler
"F:/embedded system/ccs/tools/compiler/ti-cgt-arm_20.2.7.LTS/bin/armcl" -mv7M4 --code_state=16 --float_support=FPv4SPD16 -me --include_path="F:/embedded system/MT/Embadded System advanced/NIVC_driver/NIVC" --include_path="F:/embedded system/ccs/tools/compiler/ti-cgt-arm_20.2.7.LTS/include" --define=ccs="ccs" --define=PART_TM4C123GH6PM -g --gcc --diag_warning=225 --diag_wrap=off --display_error_number --abi=eabi --preproc_with_compile --preproc_dependency="main.d_raw"  "../main.c"
Finished building: "../main.c"
 
Building file: "../tm4c123gh6pm_startup_ccs.c"
Invoking: Arm Compiler
"F:/embedded system/ccs/tools/compiler/ti-cgt-arm_20.2.7.LTS/bin/armcl" -mv7M4 --code_state=16 --float_support=FPv4SPD16 -me --include_path="F:/embedded system/MT/Embadded System advanced/NIVC_driver/NIVC" --include_path="F:/embedded system/ccs/tools/compiler/ti-cgt-arm_20.2.7.LTS/include" --define=ccs="ccs" --define=PART_TM4C123GH6PM -g --gcc --diag_warning=225 --diag_wrap=off --display_error_number --abi=eabi --preproc_with_compile --preproc_dependency="tm4c123gh6pm_startup_ccs.d_raw"  "../tm4c123gh6pm_startup_ccs.c"
Finished building: "../tm4c123gh6pm_startup_ccs.c"
 
Building target: "NIVC.out"
Invoking: Arm Linker
"F:/embedded system/ccs/tools/compiler/ti-cgt-arm_20.2.7.LTS/bin/armcl" -mv7M4 --code_state=16 --float_support=FPv4SPD16 -me --define=ccs="ccs" --define=PART_TM4C123GH6PM -g --gcc --diag_warning=225 --diag_wrap=off --display_error_number --abi=eabi -z -m"NIVC.map" --heap_size=0 --stack_size=512 -i"F:/embedded system/ccs/tools/compiler/ti-cgt-arm_20.2.7.LTS/lib" -i"F:/embedded system/ccs/tools/compiler/ti-cgt-arm_20.2.7.LTS/include" --reread_libs --diag_wrap=off --display_error_number --warn_sections --xml_link_info="NIVC_linkInfo.xml" --rom_model -o "NIVC.out" "./main.obj" "./tm4c123gh6pm_startup_ccs.obj" "../tm4c123gh6pm.cmd"  -llibc.a 
<Linking>
Finished building target: "NIVC.out"
 

**** Build Finished ****

**** Clean-only build of configuration Debug for project NVIC_D ****

"F:\\embedded system\\ccs\\utils\\bin\\gmake" -k -j 4 clean -O 
 
DEL /F  "NIVC.out" 
DEL /F "main.obj" "tm4c123gh6pm_startup_ccs.obj" 
DEL /F "main.d" "tm4c123gh6pm_startup_ccs.d" 
Finished clean
 

**** Build Finished ****

**** Build of configuration Debug for project NVIC_D ****

"F:\\embedded system\\ccs\\utils\\bin\\gmake" -k -j 4 all -O 
 
Building file: "../NVIC.c"
Invoking: Arm Compiler
"F:/embedded system/ccs/tools/compiler/ti-cgt-arm_20.2.7.LTS/bin/armcl" -mv7M4 --code_state=16 --float_support=FPv4SPD16 -me --include_path="F:/embedded system/MT/Embadded System advanced/NIVC_driver/NVIC_D" --include_path="F:/embedded system/ccs/tools/compiler/ti-cgt-arm_20.2.7.LTS/include" --define=ccs="ccs" --define=PART_TM4C123GH6PM -g --gcc --diag_warning=225 --diag_wrap=off --display_error_number --abi=eabi --preproc_with_compile --preproc_dependency="NVIC.d_raw"  "../NVIC.c"
 
>> Compilation failure
subdir_rules.mk:9: recipe for target 'NVIC.obj' failed
"../NVIC.c", line 14: error #20: identifier "NVIC_EN0_REG" is undefined
"../NVIC.c", line 19: error #20: identifier "NVIC_EN1_REG" is undefined
"../NVIC.c", line 24: error #20: identifier "NVIC_EN2_REG" is undefined
"../NVIC.c", line 29: error #20: identifier "NVIC_EN3_REG" is undefined
"../NVIC.c", line 34: error #20: identifier "NVIC_EN4_REG" is undefined
"../NVIC.c", line 42: error #20: identifier "NVIC_DIS0_REG" is undefined
"../NVIC.c", line 47: error #20: identifier "NVIC_DIS1_REG" is undefined
"../NVIC.c", line 52: error #20: identifier "NVIC_DIS2_REG" is undefined
"../NVIC.c", line 57: error #20: identifier "NVIC_DIS3_REG" is undefined
"../NVIC.c", line 62: error #20: identifier "NVIC_DIS4_REG" is undefined
"../NVIC.c", line 69: error #20: identifier "NVIC_PRI0_REG" is undefined
"../NVIC.c", line 78: error #20: identifier "NVIC_SYSTEM_SYSHNDCTRL" is undefined
"../NVIC.c", line 88: error #20: identifier "NVIC_SYSTEM_INTCTRL" is undefined
"../NVIC.c", line 103: error #20: identifier "NVIC_SYSTEM_SYSHNDCTRL" is undefined
"../NVIC.c", line 113: error #20: identifier "NVIC_SYSTEM_INTCTRL" is undefined
"../NVIC.c", line 128: error #20: identifier "NVIC_SYSTEM_PRI1_REG" is undefined
"../NVIC.c", line 137: error #20: identifier "NVIC_SYSTEM_PRI3_REG" is undefined
"../NVIC.c", line 146: error #20: identifier "NVIC_SYSTEM_PRI2_REG" is undefined
18 errors detected in the compilation of "../NVIC.c".
gmake: *** [NVIC.obj] Error 1
Building file: "../main.c"
Invoking: Arm Compiler
"F:/embedded system/ccs/tools/compiler/ti-cgt-arm_20.2.7.LTS/bin/armcl" -mv7M4 --code_state=16 --float_support=FPv4SPD16 -me --include_path="F:/embedded system/MT/Embadded System advanced/NIVC_driver/NVIC_D" --include_path="F:/embedded system/ccs/tools/compiler/ti-cgt-arm_20.2.7.LTS/include" --define=ccs="ccs" --define=PART_TM4C123GH6PM -g --gcc --diag_warning=225 --diag_wrap=off --display_error_number --abi=eabi --preproc_with_compile --preproc_dependency="main.d_raw"  "../main.c"
Finished building: "../main.c"
 
Building file: "../tm4c123gh6pm_startup_ccs.c"
Invoking: Arm Compiler
"F:/embedded system/ccs/tools/compiler/ti-cgt-arm_20.2.7.LTS/bin/armcl" -mv7M4 --code_state=16 --float_support=FPv4SPD16 -me --include_path="F:/embedded system/MT/Embadded System advanced/NIVC_driver/NVIC_D" --include_path="F:/embedded system/ccs/tools/compiler/ti-cgt-arm_20.2.7.LTS/include" --define=ccs="ccs" --define=PART_TM4C123GH6PM -g --gcc --diag_warning=225 --diag_wrap=off --display_error_number --abi=eabi --preproc_with_compile --preproc_dependency="tm4c123gh6pm_startup_ccs.d_raw"  "../tm4c123gh6pm_startup_ccs.c"
Finished building: "../tm4c123gh6pm_startup_ccs.c"
 
gmake: Target 'all' not remade because of errors.

**** Build Finished ****

**** Build of configuration Debug for project NVIC_D ****

"F:\\embedded system\\ccs\\utils\\bin\\gmake" -k -j 4 all -O 
 
Building file: "../NVIC.c"
Invoking: Arm Compiler
"F:/embedded system/ccs/tools/compiler/ti-cgt-arm_20.2.7.LTS/bin/armcl" -mv7M4 --code_state=16 --float_support=FPv4SPD16 -me --include_path="F:/embedded system/MT/Embadded System advanced/NIVC_driver/NVIC_D" --include_path="F:/embedded system/ccs/tools/compiler/ti-cgt-arm_20.2.7.LTS/include" --define=ccs="ccs" --define=PART_TM4C123GH6PM -g --gcc --diag_warning=225 --diag_wrap=off --display_error_number --abi=eabi --preproc_with_compile --preproc_dependency="NVIC.d_raw"  "../NVIC.c"
Finished building: "../NVIC.c"
 
Building target: "NVIC_D.out"
Invoking: Arm Linker
"F:/embedded system/ccs/tools/compiler/ti-cgt-arm_20.2.7.LTS/bin/armcl" -mv7M4 --code_state=16 --float_support=FPv4SPD16 -me --define=ccs="ccs" --define=PART_TM4C123GH6PM -g --gcc --diag_warning=225 --diag_wrap=off --display_error_number --abi=eabi -z -m"NVIC_D.map" --heap_size=0 --stack_size=512 -i"F:/embedded system/ccs/tools/compiler/ti-cgt-arm_20.2.7.LTS/lib" -i"F:/embedded system/ccs/tools/compiler/ti-cgt-arm_20.2.7.LTS/include" --reread_libs --diag_wrap=off --display_error_number --warn_sections --xml_link_info="NVIC_D_linkInfo.xml" --rom_model -o "NVIC_D.out" "./NVIC.obj" "./main.obj" "./tm4c123gh6pm_startup_ccs.obj" "../tm4c123gh6pm.cmd"  -llibc.a 
<Linking>
 
 undefined             first referenced
  symbol                   in file     
 ---------             ----------------
 SysTick_StartBusyWait ./main.obj      
 
error #10234-D: unresolved symbols remain
error #10010: errors encountered during linking; "NVIC_D.out" not built
 
>> Compilation failure
makefile:137: recipe for target 'NVIC_D.out' failed
gmake[1]: *** [NVIC_D.out] Error 1
makefile:133: recipe for target 'all' failed
gmake: *** [all] Error 2

**** Build Finished ****

**** Build of configuration Debug for project NVIC_D ****

"F:\\embedded system\\ccs\\utils\\bin\\gmake" -k -j 4 all -O 
 
Building file: "../NVIC.c"
Invoking: Arm Compiler
"F:/embedded system/ccs/tools/compiler/ti-cgt-arm_20.2.7.LTS/bin/armcl" -mv7M4 --code_state=16 --float_support=FPv4SPD16 -me --include_path="F:/embedded system/MT/Embadded System advanced/NIVC_driver/NVIC_D" --include_path="F:/embedded system/ccs/tools/compiler/ti-cgt-arm_20.2.7.LTS/include" --define=ccs="ccs" --define=PART_TM4C123GH6PM -g --gcc --diag_warning=225 --diag_wrap=off --display_error_number --abi=eabi --preproc_with_compile --preproc_dependency="NVIC.d_raw"  "../NVIC.c"
Finished building: "../NVIC.c"
 
Building file: "../SysTick.c"
Invoking: Arm Compiler
"F:/embedded system/ccs/tools/compiler/ti-cgt-arm_20.2.7.LTS/bin/armcl" -mv7M4 --code_state=16 --float_support=FPv4SPD16 -me --include_path="F:/embedded system/MT/Embadded System advanced/NIVC_driver/NVIC_D" --include_path="F:/embedded system/ccs/tools/compiler/ti-cgt-arm_20.2.7.LTS/include" --define=ccs="ccs" --define=PART_TM4C123GH6PM -g --gcc --diag_warning=225 --diag_wrap=off --display_error_number --abi=eabi --preproc_with_compile --preproc_dependency="SysTick.d_raw"  "../SysTick.c"
Finished building: "../SysTick.c"
 
Building file: "../tm4c123gh6pm_startup_ccs.c"
Invoking: Arm Compiler
"F:/embedded system/ccs/tools/compiler/ti-cgt-arm_20.2.7.LTS/bin/armcl" -mv7M4 --code_state=16 --float_support=FPv4SPD16 -me --include_path="F:/embedded system/MT/Embadded System advanced/NIVC_driver/NVIC_D" --include_path="F:/embedded system/ccs/tools/compiler/ti-cgt-arm_20.2.7.LTS/include" --define=ccs="ccs" --define=PART_TM4C123GH6PM -g --gcc --diag_warning=225 --diag_wrap=off --display_error_number --abi=eabi --preproc_with_compile --preproc_dependency="tm4c123gh6pm_startup_ccs.d_raw"  "../tm4c123gh6pm_startup_ccs.c"
Finished building: "../tm4c123gh6pm_startup_ccs.c"
 
Building file: "../main.c"
Invoking: Arm Compiler
"F:/embedded system/ccs/tools/compiler/ti-cgt-arm_20.2.7.LTS/bin/armcl" -mv7M4 --code_state=16 --float_support=FPv4SPD16 -me --include_path="F:/embedded system/MT/Embadded System advanced/NIVC_driver/NVIC_D" --include_path="F:/embedded system/ccs/tools/compiler/ti-cgt-arm_20.2.7.LTS/include" --define=ccs="ccs" --define=PART_TM4C123GH6PM -g --gcc --diag_warning=225 --diag_wrap=off --display_error_number --abi=eabi --preproc_with_compile --preproc_dependency="main.d_raw"  "../main.c"
Finished building: "../main.c"
 
Building target: "NVIC_D.out"
Invoking: Arm Linker
"F:/embedded system/ccs/tools/compiler/ti-cgt-arm_20.2.7.LTS/bin/armcl" -mv7M4 --code_state=16 --float_support=FPv4SPD16 -me --define=ccs="ccs" --define=PART_TM4C123GH6PM -g --gcc --diag_warning=225 --diag_wrap=off --display_error_number --abi=eabi -z -m"NVIC_D.map" --heap_size=0 --stack_size=512 -i"F:/embedded system/ccs/tools/compiler/ti-cgt-arm_20.2.7.LTS/lib" -i"F:/embedded system/ccs/tools/compiler/ti-cgt-arm_20.2.7.LTS/include" --reread_libs --diag_wrap=off --display_error_number --warn_sections --xml_link_info="NVIC_D_linkInfo.xml" --rom_model -o "NVIC_D.out" "./NVIC.obj" "./SysTick.obj" "./main.obj" "./tm4c123gh6pm_startup_ccs.obj" "../tm4c123gh6pm.cmd"  -llibc.a 
<Linking>
Finished building target: "NVIC_D.out"
 

**** Build Finished ****

**** Build of configuration Debug for project NVIC_D ****

"F:\\embedded system\\ccs\\utils\\bin\\gmake" -k -j 4 all -O 
 
Building file: "../NVIC.c"
Invoking: Arm Compiler
"F:/embedded system/ccs/tools/compiler/ti-cgt-arm_20.2.7.LTS/bin/armcl" -mv7M4 --code_state=16 --float_support=FPv4SPD16 -me --include_path="F:/embedded system/MT/Embadded System advanced/NIVC_driver/NVIC_D" --include_path="F:/embedded system/ccs/tools/compiler/ti-cgt-arm_20.2.7.LTS/include" --define=ccs="ccs" --define=PART_TM4C123GH6PM -g --gcc --diag_warning=225 --diag_wrap=off --display_error_number --abi=eabi --preproc_with_compile --preproc_dependency="NVIC.d_raw"  "../NVIC.c"
Finished building: "../NVIC.c"
 
Building target: "NVIC_D.out"
Invoking: Arm Linker
"F:/embedded system/ccs/tools/compiler/ti-cgt-arm_20.2.7.LTS/bin/armcl" -mv7M4 --code_state=16 --float_support=FPv4SPD16 -me --define=ccs="ccs" --define=PART_TM4C123GH6PM -g --gcc --diag_warning=225 --diag_wrap=off --display_error_number --abi=eabi -z -m"NVIC_D.map" --heap_size=0 --stack_size=512 -i"F:/embedded system/ccs/tools/compiler/ti-cgt-arm_20.2.7.LTS/lib" -i"F:/embedded system/ccs/tools/compiler/ti-cgt-arm_20.2.7.LTS/include" --reread_libs --diag_wrap=off --display_error_number --warn_sections --xml_link_info="NVIC_D_linkInfo.xml" --rom_model -o "NVIC_D.out" "./NVIC.obj" "./SysTick.obj" "./main.obj" "./tm4c123gh6pm_startup_ccs.obj" "../tm4c123gh6pm.cmd"  -llibc.a 
<Linking>
Finished building target: "NVIC_D.out"
 

**** Build Finished ****

**** Build of configuration Debug for project NVIC_D ****

"F:\\embedded system\\ccs\\utils\\bin\\gmake" -k -j 4 all -O 
 
Building file: "../NVIC.c"
Invoking: Arm Compiler
"F:/embedded system/ccs/tools/compiler/ti-cgt-arm_20.2.7.LTS/bin/armcl" -mv7M4 --code_state=16 --float_support=FPv4SPD16 -me --include_path="F:/embedded system/MT/Embadded System advanced/NIVC_driver/NVIC_D" --include_path="F:/embedded system/ccs/tools/compiler/ti-cgt-arm_20.2.7.LTS/include" --define=ccs="ccs" --define=PART_TM4C123GH6PM -g --gcc --diag_warning=225 --diag_wrap=off --display_error_number --abi=eabi --preproc_with_compile --preproc_dependency="NVIC.d_raw"  "../NVIC.c"
Finished building: "../NVIC.c"
 
Building target: "NVIC_D.out"
Invoking: Arm Linker
"F:/embedded system/ccs/tools/compiler/ti-cgt-arm_20.2.7.LTS/bin/armcl" -mv7M4 --code_state=16 --float_support=FPv4SPD16 -me --define=ccs="ccs" --define=PART_TM4C123GH6PM -g --gcc --diag_warning=225 --diag_wrap=off --display_error_number --abi=eabi -z -m"NVIC_D.map" --heap_size=0 --stack_size=512 -i"F:/embedded system/ccs/tools/compiler/ti-cgt-arm_20.2.7.LTS/lib" -i"F:/embedded system/ccs/tools/compiler/ti-cgt-arm_20.2.7.LTS/include" --reread_libs --diag_wrap=off --display_error_number --warn_sections --xml_link_info="NVIC_D_linkInfo.xml" --rom_model -o "NVIC_D.out" "./NVIC.obj" "./SysTick.obj" "./main.obj" "./tm4c123gh6pm_startup_ccs.obj" "../tm4c123gh6pm.cmd"  -llibc.a 
<Linking>
Finished building target: "NVIC_D.out"
 

**** Build Finished ****

**** Build of configuration Debug for project NVIC_D ****

"F:\\embedded system\\ccs\\utils\\bin\\gmake" -k -j 4 all -O 
 
Building file: "../main.c"
Invoking: Arm Compiler
"F:/embedded system/ccs/tools/compiler/ti-cgt-arm_20.2.7.LTS/bin/armcl" -mv7M4 --code_state=16 --float_support=FPv4SPD16 -me --include_path="F:/embedded system/MT/Embadded System advanced/NIVC_driver/NVIC_D" --include_path="F:/embedded system/ccs/tools/compiler/ti-cgt-arm_20.2.7.LTS/include" --define=ccs="ccs" --define=PART_TM4C123GH6PM -g --gcc --diag_warning=225 --diag_wrap=off --display_error_number --abi=eabi --preproc_with_compile --preproc_dependency="main.d_raw"  "../main.c"
 
>> Compilation failure
subdir_rules.mk:9: recipe for target 'main.obj' failed
"../main.c", line 74: error #20: identifier "SYSTICK_PRIORITY_MASK" is undefined
1 error detected in the compilation of "../main.c".
gmake: *** [main.obj] Error 1
Building file: "../SysTick.c"
Invoking: Arm Compiler
"F:/embedded system/ccs/tools/compiler/ti-cgt-arm_20.2.7.LTS/bin/armcl" -mv7M4 --code_state=16 --float_support=FPv4SPD16 -me --include_path="F:/embedded system/MT/Embadded System advanced/NIVC_driver/NVIC_D" --include_path="F:/embedded system/ccs/tools/compiler/ti-cgt-arm_20.2.7.LTS/include" --define=ccs="ccs" --define=PART_TM4C123GH6PM -g --gcc --diag_warning=225 --diag_wrap=off --display_error_number --abi=eabi --preproc_with_compile --preproc_dependency="SysTick.d_raw"  "../SysTick.c"
Finished building: "../SysTick.c"
 
Building file: "../NVIC.c"
Invoking: Arm Compiler
"F:/embedded system/ccs/tools/compiler/ti-cgt-arm_20.2.7.LTS/bin/armcl" -mv7M4 --code_state=16 --float_support=FPv4SPD16 -me --include_path="F:/embedded system/MT/Embadded System advanced/NIVC_driver/NVIC_D" --include_path="F:/embedded system/ccs/tools/compiler/ti-cgt-arm_20.2.7.LTS/include" --define=ccs="ccs" --define=PART_TM4C123GH6PM -g --gcc --diag_warning=225 --diag_wrap=off --display_error_number --abi=eabi --preproc_with_compile --preproc_dependency="NVIC.d_raw"  "../NVIC.c"
Finished building: "../NVIC.c"
 
gmake: Target 'all' not remade because of errors.

**** Build Finished ****

**** Build of configuration Debug for project NVIC_D ****

"F:\\embedded system\\ccs\\utils\\bin\\gmake" -k -j 4 all -O 
 
Building file: "../NVIC.c"
Invoking: Arm Compiler
"F:/embedded system/ccs/tools/compiler/ti-cgt-arm_20.2.7.LTS/bin/armcl" -mv7M4 --code_state=16 --float_support=FPv4SPD16 -me --include_path="F:/embedded system/MT/Embadded System advanced/NIVC_driver/NVIC_D" --include_path="F:/embedded system/ccs/tools/compiler/ti-cgt-arm_20.2.7.LTS/include" --define=ccs="ccs" --define=PART_TM4C123GH6PM -g --gcc --diag_warning=225 --diag_wrap=off --display_error_number --abi=eabi --preproc_with_compile --preproc_dependency="NVIC.d_raw"  "../NVIC.c"
Finished building: "../NVIC.c"
 
Building file: "../main.c"
Invoking: Arm Compiler
"F:/embedded system/ccs/tools/compiler/ti-cgt-arm_20.2.7.LTS/bin/armcl" -mv7M4 --code_state=16 --float_support=FPv4SPD16 -me --include_path="F:/embedded system/MT/Embadded System advanced/NIVC_driver/NVIC_D" --include_path="F:/embedded system/ccs/tools/compiler/ti-cgt-arm_20.2.7.LTS/include" --define=ccs="ccs" --define=PART_TM4C123GH6PM -g --gcc --diag_warning=225 --diag_wrap=off --display_error_number --abi=eabi --preproc_with_compile --preproc_dependency="main.d_raw"  "../main.c"
Finished building: "../main.c"
 
Building target: "NVIC_D.out"
Invoking: Arm Linker
"F:/embedded system/ccs/tools/compiler/ti-cgt-arm_20.2.7.LTS/bin/armcl" -mv7M4 --code_state=16 --float_support=FPv4SPD16 -me --define=ccs="ccs" --define=PART_TM4C123GH6PM -g --gcc --diag_warning=225 --diag_wrap=off --display_error_number --abi=eabi -z -m"NVIC_D.map" --heap_size=0 --stack_size=512 -i"F:/embedded system/ccs/tools/compiler/ti-cgt-arm_20.2.7.LTS/lib" -i"F:/embedded system/ccs/tools/compiler/ti-cgt-arm_20.2.7.LTS/include" --reread_libs --diag_wrap=off --display_error_number --warn_sections --xml_link_info="NVIC_D_linkInfo.xml" --rom_model -o "NVIC_D.out" "./NVIC.obj" "./SysTick.obj" "./main.obj" "./tm4c123gh6pm_startup_ccs.obj" "../tm4c123gh6pm.cmd"  -llibc.a 
<Linking>
Finished building target: "NVIC_D.out"
 

**** Build Finished ****

**** Build of configuration Debug for project NVIC_D ****

"F:\\embedded system\\ccs\\utils\\bin\\gmake" -k -j 4 all -O 
 
gmake[1]: 'NVIC_D.out' is up to date.

**** Build Finished ****

**** Build of configuration Debug for project NVIC_D ****

"F:\\embedded system\\ccs\\utils\\bin\\gmake" -k -j 4 all -O 
 
gmake[1]: 'NVIC_D.out' is up to date.

**** Build Finished ****

**** Build of configuration Debug for project NVIC_D ****

"F:\\embedded system\\ccs\\utils\\bin\\gmake" -k -j 4 all -O 
 
gmake[1]: 'NVIC_D.out' is up to date.

**** Build Finished ****

**** Build of configuration Debug for project NVIC_D ****

"F:\\embedded system\\ccs\\utils\\bin\\gmake" -k -j 4 all -O 
 
Building file: "../NVIC.c"
Invoking: Arm Compiler
"F:/embedded system/ccs/tools/compiler/ti-cgt-arm_20.2.7.LTS/bin/armcl" -mv7M4 --code_state=16 --float_support=FPv4SPD16 -me --include_path="F:/embedded system/MT/Embadded System advanced/NIVC_driver/NVIC_D" --include_path="F:/embedded system/ccs/tools/compiler/ti-cgt-arm_20.2.7.LTS/include" --define=ccs="ccs" --define=PART_TM4C123GH6PM -g --gcc --diag_warning=225 --diag_wrap=off --display_error_number --abi=eabi --preproc_with_compile --preproc_dependency="NVIC.d_raw"  "../NVIC.c"
Finished building: "../NVIC.c"
 
Building target: "NVIC_D.out"
Invoking: Arm Linker
"F:/embedded system/ccs/tools/compiler/ti-cgt-arm_20.2.7.LTS/bin/armcl" -mv7M4 --code_state=16 --float_support=FPv4SPD16 -me --define=ccs="ccs" --define=PART_TM4C123GH6PM -g --gcc --diag_warning=225 --diag_wrap=off --display_error_number --abi=eabi -z -m"NVIC_D.map" --heap_size=0 --stack_size=512 -i"F:/embedded system/ccs/tools/compiler/ti-cgt-arm_20.2.7.LTS/lib" -i"F:/embedded system/ccs/tools/compiler/ti-cgt-arm_20.2.7.LTS/include" --reread_libs --diag_wrap=off --display_error_number --warn_sections --xml_link_info="NVIC_D_linkInfo.xml" --rom_model -o "NVIC_D.out" "./NVIC.obj" "./SysTick.obj" "./main.obj" "./tm4c123gh6pm_startup_ccs.obj" "../tm4c123gh6pm.cmd"  -llibc.a 
<Linking>
Finished building target: "NVIC_D.out"
 

**** Build Finished ****

**** Build of configuration Debug for project NVIC_D ****

"F:\\embedded system\\ccs\\utils\\bin\\gmake" -k -j 4 all -O 
 
gmake[1]: 'NVIC_D.out' is up to date.

**** Build Finished ****

**** Build of configuration Debug for project NVIC_D ****

"F:\\embedded system\\ccs\\utils\\bin\\gmake" -k -j 4 all -O 
 
Building file: "../NVIC.c"
Invoking: Arm Compiler
"F:/embedded system/ccs/tools/compiler/ti-cgt-arm_20.2.7.LTS/bin/armcl" -mv7M4 --code_state=16 --float_support=FPv4SPD16 -me --include_path="F:/embedded system/MT/Embadded System advanced/NIVC_driver/NVIC_D" --include_path="F:/embedded system/ccs/tools/compiler/ti-cgt-arm_20.2.7.LTS/include" --define=ccs="ccs" --define=PART_TM4C123GH6PM -g --gcc --diag_warning=225 --diag_wrap=off --display_error_number --abi=eabi --preproc_with_compile --preproc_dependency="NVIC.d_raw"  "../NVIC.c"
Finished building: "../NVIC.c"
 
Building target: "NVIC_D.out"
Invoking: Arm Linker
"F:/embedded system/ccs/tools/compiler/ti-cgt-arm_20.2.7.LTS/bin/armcl" -mv7M4 --code_state=16 --float_support=FPv4SPD16 -me --define=ccs="ccs" --define=PART_TM4C123GH6PM -g --gcc --diag_warning=225 --diag_wrap=off --display_error_number --abi=eabi -z -m"NVIC_D.map" --heap_size=0 --stack_size=512 -i"F:/embedded system/ccs/tools/compiler/ti-cgt-arm_20.2.7.LTS/lib" -i"F:/embedded system/ccs/tools/compiler/ti-cgt-arm_20.2.7.LTS/include" --reread_libs --diag_wrap=off --display_error_number --warn_sections --xml_link_info="NVIC_D_linkInfo.xml" --rom_model -o "NVIC_D.out" "./NVIC.obj" "./SysTick.obj" "./main.obj" "./tm4c123gh6pm_startup_ccs.obj" "../tm4c123gh6pm.cmd"  -llibc.a 
<Linking>
Finished building target: "NVIC_D.out"
 

**** Build Finished ****

**** Build of configuration Debug for project NVIC_D ****

"F:\\embedded system\\ccs\\utils\\bin\\gmake" -k -j 4 all -O 
 
gmake[1]: 'NVIC_D.out' is up to date.

**** Build Finished ****

**** Build of configuration Debug for project NVIC_D ****

"F:\\embedded system\\ccs\\utils\\bin\\gmake" -k -j 4 all -O 
 
Building file: "../NVIC.c"
Invoking: Arm Compiler
"F:/embedded system/ccs/tools/compiler/ti-cgt-arm_20.2.7.LTS/bin/armcl" -mv7M4 --code_state=16 --float_support=FPv4SPD16 -me --include_path="F:/embedded system/MT/Embadded System advanced/NIVC_driver/NVIC_D" --include_path="F:/embedded system/ccs/tools/compiler/ti-cgt-arm_20.2.7.LTS/include" --define=ccs="ccs" --define=PART_TM4C123GH6PM -g --gcc --diag_warning=225 --diag_wrap=off --display_error_number --abi=eabi --preproc_with_compile --preproc_dependency="NVIC.d_raw"  "../NVIC.c"
 
>> Compilation failure
subdir_rules.mk:9: recipe for target 'NVIC.obj' failed
"../NVIC.c", line 102: error #66: expected a ";"
1 error detected in the compilation of "../NVIC.c".
gmake: *** [NVIC.obj] Error 1
gmake: Target 'all' not remade because of errors.

**** Build Finished ****

**** Build of configuration Debug for project NVIC_D ****

"F:\\embedded system\\ccs\\utils\\bin\\gmake" -k -j 4 all -O 
 
Building file: "../NVIC.c"
Invoking: Arm Compiler
"F:/embedded system/ccs/tools/compiler/ti-cgt-arm_20.2.7.LTS/bin/armcl" -mv7M4 --code_state=16 --float_support=FPv4SPD16 -me --include_path="F:/embedded system/MT/Embadded System advanced/NIVC_driver/NVIC_D" --include_path="F:/embedded system/ccs/tools/compiler/ti-cgt-arm_20.2.7.LTS/include" --define=ccs="ccs" --define=PART_TM4C123GH6PM -g --gcc --diag_warning=225 --diag_wrap=off --display_error_number --abi=eabi --preproc_with_compile --preproc_dependency="NVIC.d_raw"  "../NVIC.c"
Finished building: "../NVIC.c"
 
Building target: "NVIC_D.out"
Invoking: Arm Linker
"F:/embedded system/ccs/tools/compiler/ti-cgt-arm_20.2.7.LTS/bin/armcl" -mv7M4 --code_state=16 --float_support=FPv4SPD16 -me --define=ccs="ccs" --define=PART_TM4C123GH6PM -g --gcc --diag_warning=225 --diag_wrap=off --display_error_number --abi=eabi -z -m"NVIC_D.map" --heap_size=0 --stack_size=512 -i"F:/embedded system/ccs/tools/compiler/ti-cgt-arm_20.2.7.LTS/lib" -i"F:/embedded system/ccs/tools/compiler/ti-cgt-arm_20.2.7.LTS/include" --reread_libs --diag_wrap=off --display_error_number --warn_sections --xml_link_info="NVIC_D_linkInfo.xml" --rom_model -o "NVIC_D.out" "./NVIC.obj" "./SysTick.obj" "./main.obj" "./tm4c123gh6pm_startup_ccs.obj" "../tm4c123gh6pm.cmd"  -llibc.a 
<Linking>
Finished building target: "NVIC_D.out"
 

**** Build Finished ****

**** Build of configuration Debug for project NVIC_D ****

"F:\\embedded system\\ccs\\utils\\bin\\gmake" -k -j 4 all -O 
 
gmake[1]: 'NVIC_D.out' is up to date.

**** Build Finished ****
