
**** Build of configuration Debug for project Systick ****

"F:\\embedded system\\ccs\\utils\\bin\\gmake" -k -j 4 all -O 
 
Building file: "../tm4c123gh6pm_startup_ccs.c"
Invoking: Arm Compiler
"F:/embedded system/ccs/tools/compiler/ti-cgt-arm_20.2.7.LTS/bin/armcl" -mv7M4 --code_state=16 --float_support=FPv4SPD16 -me --include_path="F:/embedded system/MT/Embadded System advanced/Systick_driver/Systick" --include_path="F:/embedded system/ccs/tools/compiler/ti-cgt-arm_20.2.7.LTS/include" --define=ccs="ccs" --define=PART_TM4C123GH6PM -g --gcc --diag_warning=225 --diag_wrap=off --display_error_number --abi=eabi --preproc_with_compile --preproc_dependency="tm4c123gh6pm_startup_ccs.d_raw"  "../tm4c123gh6pm_startup_ccs.c"
 
>> Compilation failure
subdir_rules.mk:9: recipe for target 'tm4c123gh6pm_startup_ccs.obj' failed
"../tm4c123gh6pm_startup_ccs.c", line 36: error #82: more than one storage class may not be specified
1 error detected in the compilation of "../tm4c123gh6pm_startup_ccs.c".
gmake: *** [tm4c123gh6pm_startup_ccs.obj] Error 1
Building file: "../SysTick.c"
Invoking: Arm Compiler
"F:/embedded system/ccs/tools/compiler/ti-cgt-arm_20.2.7.LTS/bin/armcl" -mv7M4 --code_state=16 --float_support=FPv4SPD16 -me --include_path="F:/embedded system/MT/Embadded System advanced/Systick_driver/Systick" --include_path="F:/embedded system/ccs/tools/compiler/ti-cgt-arm_20.2.7.LTS/include" --define=ccs="ccs" --define=PART_TM4C123GH6PM -g --gcc --diag_warning=225 --diag_wrap=off --display_error_number --abi=eabi --preproc_with_compile --preproc_dependency="SysTick.d_raw"  "../SysTick.c"
Finished building: "../SysTick.c"
 
Building file: "../main.c"
Invoking: Arm Compiler
"F:/embedded system/ccs/tools/compiler/ti-cgt-arm_20.2.7.LTS/bin/armcl" -mv7M4 --code_state=16 --float_support=FPv4SPD16 -me --include_path="F:/embedded system/MT/Embadded System advanced/Systick_driver/Systick" --include_path="F:/embedded system/ccs/tools/compiler/ti-cgt-arm_20.2.7.LTS/include" --define=ccs="ccs" --define=PART_TM4C123GH6PM -g --gcc --diag_warning=225 --diag_wrap=off --display_error_number --abi=eabi --preproc_with_compile --preproc_dependency="main.d_raw"  "../main.c"
"../main.c", line 48: warning #225-D: function "NVIC_EnableIRQ" declared implicitly
"../main.c", line 49: warning #225-D: function "NVIC_SetPriorityIRQ" declared implicitly
"../main.c", line 96: warning #225-D: function "NVIC_SetPriorityException" declared implicitly
"../main.c", line 97: warning #169-D: argument of type "void (*)(void)" is incompatible with parameter of type "volatile void (*)(void)"
Finished building: "../main.c"
 
gmake: Target 'all' not remade because of errors.

**** Build Finished ****

**** Build of configuration Debug for project Systick ****

"F:\\embedded system\\ccs\\utils\\bin\\gmake" -k -j 4 all -O 
 
Building file: "../tm4c123gh6pm_startup_ccs.c"
Invoking: Arm Compiler
"F:/embedded system/ccs/tools/compiler/ti-cgt-arm_20.2.7.LTS/bin/armcl" -mv7M4 --code_state=16 --float_support=FPv4SPD16 -me --include_path="F:/embedded system/MT/Embadded System advanced/Systick_driver/Systick" --include_path="F:/embedded system/ccs/tools/compiler/ti-cgt-arm_20.2.7.LTS/include" --define=ccs="ccs" --define=PART_TM4C123GH6PM -g --gcc --diag_warning=225 --diag_wrap=off --display_error_number --abi=eabi --preproc_with_compile --preproc_dependency="tm4c123gh6pm_startup_ccs.d_raw"  "../tm4c123gh6pm_startup_ccs.c"
Finished building: "../tm4c123gh6pm_startup_ccs.c"
 
Building target: "Systick.out"
Invoking: Arm Linker
"F:/embedded system/ccs/tools/compiler/ti-cgt-arm_20.2.7.LTS/bin/armcl" -mv7M4 --code_state=16 --float_support=FPv4SPD16 -me --define=ccs="ccs" --define=PART_TM4C123GH6PM -g --gcc --diag_warning=225 --diag_wrap=off --display_error_number --abi=eabi -z -m"Systick.map" --heap_size=0 --stack_size=512 -i"F:/embedded system/ccs/tools/compiler/ti-cgt-arm_20.2.7.LTS/lib" -i"F:/embedded system/ccs/tools/compiler/ti-cgt-arm_20.2.7.LTS/include" --reread_libs --diag_wrap=off --display_error_number --warn_sections --xml_link_info="Systick_linkInfo.xml" --rom_model -o "Systick.out" "./SysTick.obj" "./main.obj" "./tm4c123gh6pm_startup_ccs.obj" "../tm4c123gh6pm.cmd"  -llibc.a 
<Linking>
 
 undefined                 first referenced
  symbol                       in file     
 ---------                 ----------------
 NVIC_EnableIRQ            ./main.obj      
 NVIC_SetPriorityException ./main.obj      
 NVIC_SetPriorityIRQ       ./main.obj      
 
error #10234-D: unresolved symbols remain
error #10010: errors encountered during linking; "Systick.out" not built
 
>> Compilation failure
makefile:137: recipe for target 'Systick.out' failed
gmake[1]: *** [Systick.out] Error 1
makefile:133: recipe for target 'all' failed
gmake: *** [all] Error 2

**** Build Finished ****

**** Build of configuration Debug for project Systick ****

"F:\\embedded system\\ccs\\utils\\bin\\gmake" -k -j 4 all -O 
 
Building file: "../main.c"
Invoking: Arm Compiler
"F:/embedded system/ccs/tools/compiler/ti-cgt-arm_20.2.7.LTS/bin/armcl" -mv7M4 --code_state=16 --float_support=FPv4SPD16 -me --include_path="F:/embedded system/MT/Embadded System advanced/Systick_driver/Systick" --include_path="F:/embedded system/ccs/tools/compiler/ti-cgt-arm_20.2.7.LTS/include" --define=ccs="ccs" --define=PART_TM4C123GH6PM -g --gcc --diag_warning=225 --diag_wrap=off --display_error_number --abi=eabi --preproc_with_compile --preproc_dependency="main.d_raw"  "../main.c"
"../main.c", line 97: warning #169-D: argument of type "void (*)(void)" is incompatible with parameter of type "volatile void (*)(void)"
Finished building: "../main.c"
 
Building target: "Systick.out"
Invoking: Arm Linker
"F:/embedded system/ccs/tools/compiler/ti-cgt-arm_20.2.7.LTS/bin/armcl" -mv7M4 --code_state=16 --float_support=FPv4SPD16 -me --define=ccs="ccs" --define=PART_TM4C123GH6PM -g --gcc --diag_warning=225 --diag_wrap=off --display_error_number --abi=eabi -z -m"Systick.map" --heap_size=0 --stack_size=512 -i"F:/embedded system/ccs/tools/compiler/ti-cgt-arm_20.2.7.LTS/lib" -i"F:/embedded system/ccs/tools/compiler/ti-cgt-arm_20.2.7.LTS/include" --reread_libs --diag_wrap=off --display_error_number --warn_sections --xml_link_info="Systick_linkInfo.xml" --rom_model -o "Systick.out" "./SysTick.obj" "./main.obj" "./tm4c123gh6pm_startup_ccs.obj" "../tm4c123gh6pm.cmd"  -llibc.a 
<Linking>
 
 undefined                 first referenced
  symbol                       in file     
 ---------                 ----------------
 NVIC_EnableIRQ            ./main.obj      
 NVIC_SetPriorityException ./main.obj      
 NVIC_SetPriorityIRQ       ./main.obj      
 
error #10234-D: unresolved symbols remain
error #10010: errors encountered during linking; "Systick.out" not built
 
>> Compilation failure
makefile:137: recipe for target 'Systick.out' failed
gmake[1]: *** [Systick.out] Error 1
makefile:133: recipe for target 'all' failed
gmake: *** [all] Error 2

**** Build Finished ****

**** Build of configuration Debug for project Systick ****

"F:\\embedded system\\ccs\\utils\\bin\\gmake" -k -j 4 all -O 
 
Building file: "../tm4c123gh6pm_startup_ccs.c"
Invoking: Arm Compiler
"F:/embedded system/ccs/tools/compiler/ti-cgt-arm_20.2.7.LTS/bin/armcl" -mv7M4 --code_state=16 --float_support=FPv4SPD16 -me --include_path="F:/embedded system/MT/Embadded System advanced/Systick_driver/Systick" --include_path="F:/embedded system/ccs/tools/compiler/ti-cgt-arm_20.2.7.LTS/include" --define=ccs="ccs" --define=PART_TM4C123GH6PM -g --gcc --diag_warning=225 --diag_wrap=off --display_error_number --abi=eabi --preproc_with_compile --preproc_dependency="tm4c123gh6pm_startup_ccs.d_raw"  "../tm4c123gh6pm_startup_ccs.c"
 
>> Compilation failure
subdir_rules.mk:9: recipe for target 'tm4c123gh6pm_startup_ccs.obj' failed
"../tm4c123gh6pm_startup_ccs.c", line 36: error #82: more than one storage class may not be specified
1 error detected in the compilation of "../tm4c123gh6pm_startup_ccs.c".
gmake: *** [tm4c123gh6pm_startup_ccs.obj] Error 1
Building file: "../SysTick.c"
Invoking: Arm Compiler
"F:/embedded system/ccs/tools/compiler/ti-cgt-arm_20.2.7.LTS/bin/armcl" -mv7M4 --code_state=16 --float_support=FPv4SPD16 -me --include_path="F:/embedded system/MT/Embadded System advanced/Systick_driver/Systick" --include_path="F:/embedded system/ccs/tools/compiler/ti-cgt-arm_20.2.7.LTS/include" --define=ccs="ccs" --define=PART_TM4C123GH6PM -g --gcc --diag_warning=225 --diag_wrap=off --display_error_number --abi=eabi --preproc_with_compile --preproc_dependency="SysTick.d_raw"  "../SysTick.c"
Finished building: "../SysTick.c"
 
Building file: "../main.c"
Invoking: Arm Compiler
"F:/embedded system/ccs/tools/compiler/ti-cgt-arm_20.2.7.LTS/bin/armcl" -mv7M4 --code_state=16 --float_support=FPv4SPD16 -me --include_path="F:/embedded system/MT/Embadded System advanced/Systick_driver/Systick" --include_path="F:/embedded system/ccs/tools/compiler/ti-cgt-arm_20.2.7.LTS/include" --define=ccs="ccs" --define=PART_TM4C123GH6PM -g --gcc --diag_warning=225 --diag_wrap=off --display_error_number --abi=eabi --preproc_with_compile --preproc_dependency="main.d_raw"  "../main.c"
"..\NVIC.h", line 43: warning #48-D: incompatible redefinition of macro "SYSTICK_PRIORITY_MASK" (declared at line 13 of "..\SysTick.h")
"../main.c", line 7: warning #48-D: incompatible redefinition of macro "SYSTICK_INTERRUPT_PRIORITY" (declared at line 14 of "..\SysTick.h")
"../main.c", line 97: warning #169-D: argument of type "void (*)(void)" is incompatible with parameter of type "volatile void (*)(void)"
Finished building: "../main.c"
 
gmake: Target 'all' not remade because of errors.

**** Build Finished ****

**** Build of configuration Debug for project Systick ****

"F:\\embedded system\\ccs\\utils\\bin\\gmake" -k -j 4 all -O 
 
Building file: "../tm4c123gh6pm_startup_ccs.c"
Invoking: Arm Compiler
"F:/embedded system/ccs/tools/compiler/ti-cgt-arm_20.2.7.LTS/bin/armcl" -mv7M4 --code_state=16 --float_support=FPv4SPD16 -me --include_path="F:/embedded system/MT/Embadded System advanced/Systick_driver/Systick" --include_path="F:/embedded system/ccs/tools/compiler/ti-cgt-arm_20.2.7.LTS/include" --define=ccs="ccs" --define=PART_TM4C123GH6PM -g --gcc --diag_warning=225 --diag_wrap=off --display_error_number --abi=eabi --preproc_with_compile --preproc_dependency="tm4c123gh6pm_startup_ccs.d_raw"  "../tm4c123gh6pm_startup_ccs.c"
Finished building: "../tm4c123gh6pm_startup_ccs.c"
 
Building target: "Systick.out"
Invoking: Arm Linker
"F:/embedded system/ccs/tools/compiler/ti-cgt-arm_20.2.7.LTS/bin/armcl" -mv7M4 --code_state=16 --float_support=FPv4SPD16 -me --define=ccs="ccs" --define=PART_TM4C123GH6PM -g --gcc --diag_warning=225 --diag_wrap=off --display_error_number --abi=eabi -z -m"Systick.map" --heap_size=0 --stack_size=512 -i"F:/embedded system/ccs/tools/compiler/ti-cgt-arm_20.2.7.LTS/lib" -i"F:/embedded system/ccs/tools/compiler/ti-cgt-arm_20.2.7.LTS/include" --reread_libs --diag_wrap=off --display_error_number --warn_sections --xml_link_info="Systick_linkInfo.xml" --rom_model -o "Systick.out" "./SysTick.obj" "./main.obj" "./tm4c123gh6pm_startup_ccs.obj" "../tm4c123gh6pm.cmd"  -llibc.a 
<Linking>
 
 undefined                 first referenced
  symbol                       in file     
 ---------                 ----------------
 NVIC_EnableIRQ            ./main.obj      
 NVIC_SetPriorityException ./main.obj      
 NVIC_SetPriorityIRQ       ./main.obj      
 
error #10234-D: unresolved symbols remain
error #10010: errors encountered during linking; "Systick.out" not built
 
>> Compilation failure
makefile:137: recipe for target 'Systick.out' failed
makefile:133: recipe for target 'all' failed
gmake[1]: *** [Systick.out] Error 1
gmake: *** [all] Error 2

**** Build Finished ****

**** Build of configuration Debug for project Systick ****

"F:\\embedded system\\ccs\\utils\\bin\\gmake" -k -j 4 all -O 
 
Building file: "../main.c"
Invoking: Arm Compiler
"F:/embedded system/ccs/tools/compiler/ti-cgt-arm_20.2.7.LTS/bin/armcl" -mv7M4 --code_state=16 --float_support=FPv4SPD16 -me --include_path="F:/embedded system/MT/Embadded System advanced/Systick_driver/Systick" --include_path="F:/embedded system/ccs/tools/compiler/ti-cgt-arm_20.2.7.LTS/include" --define=ccs="ccs" --define=PART_TM4C123GH6PM -g --gcc --diag_warning=225 --diag_wrap=off --display_error_number --abi=eabi --preproc_with_compile --preproc_dependency="main.d_raw"  "../main.c"
 
>> Compilation failure
subdir_rules.mk:9: recipe for target 'main.obj' failed
"..\NVIC.h", line 43: warning #48-D: incompatible redefinition of macro "SYSTICK_PRIORITY_MASK" (declared at line 13 of "..\SysTick.h")
"../main.c", line 7: warning #48-D: incompatible redefinition of macro "SYSTICK_INTERRUPT_PRIORITY" (declared at line 14 of "..\SysTick.h")
"../main.c", line 24: error #20: identifier "GPIO_PORTF_DATA_REG" is undefined
"../main.c", line 27: error #20: identifier "GPIO_PORTF_ICR_REG" is undefined
"../main.c", line 33: error #20: identifier "GPIO_PORTF_LOCK_REG" is undefined
"../main.c", line 34: error #20: identifier "GPIO_PORTF_CR_REG" is undefined
"../main.c", line 35: error #20: identifier "GPIO_PORTF_AMSEL_REG" is undefined
"../main.c", line 36: error #20: identifier "GPIO_PORTF_PCTL_REG" is undefined
"../main.c", line 37: error #20: identifier "GPIO_PORTF_DIR_REG" is undefined
"../main.c", line 38: error #20: identifier "GPIO_PORTF_AFSEL_REG" is undefined
"../main.c", line 39: error #20: identifier "GPIO_PORTF_PUR_REG" is undefined
"../main.c", line 40: error #20: identifier "GPIO_PORTF_DEN_REG" is undefined
"../main.c", line 41: error #20: identifier "GPIO_PORTF_IS_REG" is undefined
"../main.c", line 42: error #20: identifier "GPIO_PORTF_IBE_REG" is undefined
"../main.c", line 43: error #20: identifier "GPIO_PORTF_IEV_REG" is undefined
"../main.c", line 44: error #20: identifier "GPIO_PORTF_ICR_REG" is undefined
"../main.c", line 45: error #20: identifier "GPIO_PORTF_IM_REG" is undefined
"../main.c", line 55: error #20: identifier "GPIO_PORTF_AMSEL_REG" is undefined
"../main.c", line 56: error #20: identifier "GPIO_PORTF_PCTL_REG" is undefined
"../main.c", line 57: error #20: identifier "GPIO_PORTF_DIR_REG" is undefined
"../main.c", line 58: error #20: identifier "GPIO_PORTF_AFSEL_REG" is undefined
"../main.c", line 59: error #20: identifier "GPIO_PORTF_DEN_REG" is undefined
"../main.c", line 60: error #20: identifier "GPIO_PORTF_DATA_REG" is undefined
"../main.c", line 70: error #20: identifier "GPIO_PORTF_DATA_REG" is undefined
"../main.c", line 85: error #20: identifier "SYSCTL_RCGCGPIO_REG" is undefined
"../main.c", line 86: error #20: identifier "SYSCTL_PRGPIO_REG" is undefined
"../main.c", line 97: warning #169-D: argument of type "void (*)(void)" is incompatible with parameter of type "volatile void (*)(void)"
24 errors detected in the compilation of "../main.c".
gmake: *** [main.obj] Error 1
gmake: Target 'all' not remade because of errors.

**** Build Finished ****

**** Build of configuration Debug for project Systick ****

"F:\\embedded system\\ccs\\utils\\bin\\gmake" -k -j 4 all -O 
 
Building file: "../main.c"
Invoking: Arm Compiler
"F:/embedded system/ccs/tools/compiler/ti-cgt-arm_20.2.7.LTS/bin/armcl" -mv7M4 --code_state=16 --float_support=FPv4SPD16 -me --include_path="F:/embedded system/MT/Embadded System advanced/Systick_driver/Systick" --include_path="F:/embedded system/ccs/tools/compiler/ti-cgt-arm_20.2.7.LTS/include" --define=ccs="ccs" --define=PART_TM4C123GH6PM -g --gcc --diag_warning=225 --diag_wrap=off --display_error_number --abi=eabi --preproc_with_compile --preproc_dependency="main.d_raw"  "../main.c"
"..\NVIC.h", line 43: warning #48-D: incompatible redefinition of macro "SYSTICK_PRIORITY_MASK" (declared at line 13 of "..\SysTick.h")
"../main.c", line 7: warning #48-D: incompatible redefinition of macro "SYSTICK_INTERRUPT_PRIORITY" (declared at line 14 of "..\SysTick.h")
"../main.c", line 97: warning #169-D: argument of type "void (*)(void)" is incompatible with parameter of type "volatile void (*)(void)"
Finished building: "../main.c"
 
Building target: "Systick.out"
Invoking: Arm Linker
"F:/embedded system/ccs/tools/compiler/ti-cgt-arm_20.2.7.LTS/bin/armcl" -mv7M4 --code_state=16 --float_support=FPv4SPD16 -me --define=ccs="ccs" --define=PART_TM4C123GH6PM -g --gcc --diag_warning=225 --diag_wrap=off --display_error_number --abi=eabi -z -m"Systick.map" --heap_size=0 --stack_size=512 -i"F:/embedded system/ccs/tools/compiler/ti-cgt-arm_20.2.7.LTS/lib" -i"F:/embedded system/ccs/tools/compiler/ti-cgt-arm_20.2.7.LTS/include" --reread_libs --diag_wrap=off --display_error_number --warn_sections --xml_link_info="Systick_linkInfo.xml" --rom_model -o "Systick.out" "./SysTick.obj" "./main.obj" "./tm4c123gh6pm_startup_ccs.obj" "../tm4c123gh6pm.cmd"  -llibc.a 
<Linking>
 
 undefined                 first referenced
  symbol                       in file     
 ---------                 ----------------
 NVIC_EnableIRQ            ./main.obj      
 NVIC_SetPriorityException ./main.obj      
 NVIC_SetPriorityIRQ       ./main.obj      
 
error #10234-D: unresolved symbols remain
error #10010: errors encountered during linking; "Systick.out" not built
 
>> Compilation failure
makefile:137: recipe for target 'Systick.out' failed
gmake[1]: *** [Systick.out] Error 1
makefile:133: recipe for target 'all' failed
gmake: *** [all] Error 2

**** Build Finished ****

**** Build of configuration Debug for project Systick ****

"F:\\embedded system\\ccs\\utils\\bin\\gmake" -k -j 4 all -O 
 
Building file: "../SysTick.c"
Invoking: Arm Compiler
"F:/embedded system/ccs/tools/compiler/ti-cgt-arm_20.2.7.LTS/bin/armcl" -mv7M4 --code_state=16 --float_support=FPv4SPD16 -me --include_path="F:/embedded system/MT/Embadded System advanced/Systick_driver/Systick" --include_path="F:/embedded system/ccs/tools/compiler/ti-cgt-arm_20.2.7.LTS/include" --define=ccs="ccs" --define=PART_TM4C123GH6PM -g --gcc --diag_warning=225 --diag_wrap=off --display_error_number --abi=eabi --preproc_with_compile --preproc_dependency="SysTick.d_raw"  "../SysTick.c"
Finished building: "../SysTick.c"
 
Building file: "../main.c"
Invoking: Arm Compiler
"F:/embedded system/ccs/tools/compiler/ti-cgt-arm_20.2.7.LTS/bin/armcl" -mv7M4 --code_state=16 --float_support=FPv4SPD16 -me --include_path="F:/embedded system/MT/Embadded System advanced/Systick_driver/Systick" --include_path="F:/embedded system/ccs/tools/compiler/ti-cgt-arm_20.2.7.LTS/include" --define=ccs="ccs" --define=PART_TM4C123GH6PM -g --gcc --diag_warning=225 --diag_wrap=off --display_error_number --abi=eabi --preproc_with_compile --preproc_dependency="main.d_raw"  "../main.c"
"..\NVIC.h", line 43: warning #48-D: incompatible redefinition of macro "SYSTICK_PRIORITY_MASK" (declared at line 13 of "..\SysTick.h")
"../main.c", line 97: warning #169-D: argument of type "void (*)(void)" is incompatible with parameter of type "volatile void (*)(void)"
Finished building: "../main.c"
 
Building target: "Systick.out"
Invoking: Arm Linker
"F:/embedded system/ccs/tools/compiler/ti-cgt-arm_20.2.7.LTS/bin/armcl" -mv7M4 --code_state=16 --float_support=FPv4SPD16 -me --define=ccs="ccs" --define=PART_TM4C123GH6PM -g --gcc --diag_warning=225 --diag_wrap=off --display_error_number --abi=eabi -z -m"Systick.map" --heap_size=0 --stack_size=512 -i"F:/embedded system/ccs/tools/compiler/ti-cgt-arm_20.2.7.LTS/lib" -i"F:/embedded system/ccs/tools/compiler/ti-cgt-arm_20.2.7.LTS/include" --reread_libs --diag_wrap=off --display_error_number --warn_sections --xml_link_info="Systick_linkInfo.xml" --rom_model -o "Systick.out" "./SysTick.obj" "./main.obj" "./tm4c123gh6pm_startup_ccs.obj" "../tm4c123gh6pm.cmd"  -llibc.a 
<Linking>
 
 undefined                 first referenced
  symbol                       in file     
 ---------                 ----------------
 NVIC_EnableIRQ            ./main.obj      
 NVIC_SetPriorityException ./main.obj      
 NVIC_SetPriorityIRQ       ./main.obj      
 
error #10234-D: unresolved symbols remain
error #10010: errors encountered during linking; "Systick.out" not built
 
>> Compilation failure
makefile:137: recipe for target 'Systick.out' failed
gmake[1]: *** [Systick.out] Error 1
makefile:133: recipe for target 'all' failed
gmake: *** [all] Error 2

**** Build Finished ****

**** Build of configuration Debug for project Systick ****

"F:\\embedded system\\ccs\\utils\\bin\\gmake" -k -j 4 all -O 
 
Building file: "../SysTick.c"
Invoking: Arm Compiler
"F:/embedded system/ccs/tools/compiler/ti-cgt-arm_20.2.7.LTS/bin/armcl" -mv7M4 --code_state=16 --float_support=FPv4SPD16 -me --include_path="F:/embedded system/MT/Embadded System advanced/Systick_driver/Systick" --include_path="F:/embedded system/ccs/tools/compiler/ti-cgt-arm_20.2.7.LTS/include" --define=ccs="ccs" --define=PART_TM4C123GH6PM -g --gcc --diag_warning=225 --diag_wrap=off --display_error_number --abi=eabi --preproc_with_compile --preproc_dependency="SysTick.d_raw"  "../SysTick.c"
Finished building: "../SysTick.c"
 
Building file: "../tm4c123gh6pm_startup_ccs.c"
Invoking: Arm Compiler
"F:/embedded system/ccs/tools/compiler/ti-cgt-arm_20.2.7.LTS/bin/armcl" -mv7M4 --code_state=16 --float_support=FPv4SPD16 -me --include_path="F:/embedded system/MT/Embadded System advanced/Systick_driver/Systick" --include_path="F:/embedded system/ccs/tools/compiler/ti-cgt-arm_20.2.7.LTS/include" --define=ccs="ccs" --define=PART_TM4C123GH6PM -g --gcc --diag_warning=225 --diag_wrap=off --display_error_number --abi=eabi --preproc_with_compile --preproc_dependency="tm4c123gh6pm_startup_ccs.d_raw"  "../tm4c123gh6pm_startup_ccs.c"
Finished building: "../tm4c123gh6pm_startup_ccs.c"
 
Building target: "Systick.out"
Invoking: Arm Linker
"F:/embedded system/ccs/tools/compiler/ti-cgt-arm_20.2.7.LTS/bin/armcl" -mv7M4 --code_state=16 --float_support=FPv4SPD16 -me --define=ccs="ccs" --define=PART_TM4C123GH6PM -g --gcc --diag_warning=225 --diag_wrap=off --display_error_number --abi=eabi -z -m"Systick.map" --heap_size=0 --stack_size=512 -i"F:/embedded system/ccs/tools/compiler/ti-cgt-arm_20.2.7.LTS/lib" -i"F:/embedded system/ccs/tools/compiler/ti-cgt-arm_20.2.7.LTS/include" --reread_libs --diag_wrap=off --display_error_number --warn_sections --xml_link_info="Systick_linkInfo.xml" --rom_model -o "Systick.out" "./SysTick.obj" "./main.obj" "./tm4c123gh6pm_startup_ccs.obj" "../tm4c123gh6pm.cmd"  -llibc.a 
<Linking>
 
 undefined                 first referenced
  symbol                       in file     
 ---------                 ----------------
 NVIC_EnableIRQ            ./main.obj      
 NVIC_SetPriorityException ./main.obj      
 NVIC_SetPriorityIRQ       ./main.obj      
 
error #10234-D: unresolved symbols remain
error #10010: errors encountered during linking; "Systick.out" not built
 
>> Compilation failure
makefile:137: recipe for target 'Systick.out' failed
makefile:133: recipe for target 'all' failed
gmake[1]: *** [Systick.out] Error 1
gmake: *** [all] Error 2

**** Build Finished ****

**** Build of configuration Debug for project Systick ****

"F:\\embedded system\\ccs\\utils\\bin\\gmake" -k -j 4 all -O 
 
Building file: "../main.c"
Invoking: Arm Compiler
"F:/embedded system/ccs/tools/compiler/ti-cgt-arm_20.2.7.LTS/bin/armcl" -mv7M4 --code_state=16 --float_support=FPv4SPD16 -me --include_path="F:/embedded system/MT/Embadded System advanced/Systick_driver/Systick" --include_path="F:/embedded system/ccs/tools/compiler/ti-cgt-arm_20.2.7.LTS/include" --define=ccs="ccs" --define=PART_TM4C123GH6PM -g --gcc --diag_warning=225 --diag_wrap=off --display_error_number --abi=eabi --preproc_with_compile --preproc_dependency="main.d_raw"  "../main.c"
"../main.c", line 97: warning #169-D: argument of type "void (*)(void)" is incompatible with parameter of type "volatile void (*)(void)"
Finished building: "../main.c"
 
Building file: "../NVIC.c"
Invoking: Arm Compiler
"F:/embedded system/ccs/tools/compiler/ti-cgt-arm_20.2.7.LTS/bin/armcl" -mv7M4 --code_state=16 --float_support=FPv4SPD16 -me --include_path="F:/embedded system/MT/Embadded System advanced/Systick_driver/Systick" --include_path="F:/embedded system/ccs/tools/compiler/ti-cgt-arm_20.2.7.LTS/include" --define=ccs="ccs" --define=PART_TM4C123GH6PM -g --gcc --diag_warning=225 --diag_wrap=off --display_error_number --abi=eabi --preproc_with_compile --preproc_dependency="NVIC.d_raw"  "../NVIC.c"
Finished building: "../NVIC.c"
 
Building target: "Systick.out"
Invoking: Arm Linker
"F:/embedded system/ccs/tools/compiler/ti-cgt-arm_20.2.7.LTS/bin/armcl" -mv7M4 --code_state=16 --float_support=FPv4SPD16 -me --define=ccs="ccs" --define=PART_TM4C123GH6PM -g --gcc --diag_warning=225 --diag_wrap=off --display_error_number --abi=eabi -z -m"Systick.map" --heap_size=0 --stack_size=512 -i"F:/embedded system/ccs/tools/compiler/ti-cgt-arm_20.2.7.LTS/lib" -i"F:/embedded system/ccs/tools/compiler/ti-cgt-arm_20.2.7.LTS/include" --reread_libs --diag_wrap=off --display_error_number --warn_sections --xml_link_info="Systick_linkInfo.xml" --rom_model -o "Systick.out" "./NVIC.obj" "./SysTick.obj" "./main.obj" "./tm4c123gh6pm_startup_ccs.obj" "../tm4c123gh6pm.cmd"  -llibc.a 
<Linking>
Finished building target: "Systick.out"
 

**** Build Finished ****

**** Build of configuration Debug for project Systick ****

"F:\\embedded system\\ccs\\utils\\bin\\gmake" -k -j 4 all -O 
 
gmake[1]: 'Systick.out' is up to date.

**** Build Finished ****

**** Build of configuration Debug for project Systick ****

"F:\\embedded system\\ccs\\utils\\bin\\gmake" -k -j 4 all -O 
 
gmake[1]: 'Systick.out' is up to date.

**** Build Finished ****

**** Build of configuration Debug for project Systick ****

"F:\\embedded system\\ccs\\utils\\bin\\gmake" -k -j 4 all -O 
 
Building file: "../SysTick.c"
Invoking: Arm Compiler
"F:/embedded system/ccs/tools/compiler/ti-cgt-arm_20.2.7.LTS/bin/armcl" -mv7M4 --code_state=16 --float_support=FPv4SPD16 -me --include_path="F:/embedded system/MT/Embadded System advanced/Systick_driver/Systick" --include_path="F:/embedded system/ccs/tools/compiler/ti-cgt-arm_20.2.7.LTS/include" --define=ccs="ccs" --define=PART_TM4C123GH6PM -g --gcc --diag_warning=225 --diag_wrap=off --display_error_number --abi=eabi --preproc_with_compile --preproc_dependency="SysTick.d_raw"  "../SysTick.c"
Finished building: "../SysTick.c"
 
Building file: "../NVIC.c"
Invoking: Arm Compiler
"F:/embedded system/ccs/tools/compiler/ti-cgt-arm_20.2.7.LTS/bin/armcl" -mv7M4 --code_state=16 --float_support=FPv4SPD16 -me --include_path="F:/embedded system/MT/Embadded System advanced/Systick_driver/Systick" --include_path="F:/embedded system/ccs/tools/compiler/ti-cgt-arm_20.2.7.LTS/include" --define=ccs="ccs" --define=PART_TM4C123GH6PM -g --gcc --diag_warning=225 --diag_wrap=off --display_error_number --abi=eabi --preproc_with_compile --preproc_dependency="NVIC.d_raw"  "../NVIC.c"
Finished building: "../NVIC.c"
 
Building file: "../main.c"
Invoking: Arm Compiler
"F:/embedded system/ccs/tools/compiler/ti-cgt-arm_20.2.7.LTS/bin/armcl" -mv7M4 --code_state=16 --float_support=FPv4SPD16 -me --include_path="F:/embedded system/MT/Embadded System advanced/Systick_driver/Systick" --include_path="F:/embedded system/ccs/tools/compiler/ti-cgt-arm_20.2.7.LTS/include" --define=ccs="ccs" --define=PART_TM4C123GH6PM -g --gcc --diag_warning=225 --diag_wrap=off --display_error_number --abi=eabi --preproc_with_compile --preproc_dependency="main.d_raw"  "../main.c"
"../main.c", line 97: warning #169-D: argument of type "void (*)(void)" is incompatible with parameter of type "volatile void (*)(void)"
Finished building: "../main.c"
 
Building target: "Systick.out"
Invoking: Arm Linker
"F:/embedded system/ccs/tools/compiler/ti-cgt-arm_20.2.7.LTS/bin/armcl" -mv7M4 --code_state=16 --float_support=FPv4SPD16 -me --define=ccs="ccs" --define=PART_TM4C123GH6PM -g --gcc --diag_warning=225 --diag_wrap=off --display_error_number --abi=eabi -z -m"Systick.map" --heap_size=0 --stack_size=512 -i"F:/embedded system/ccs/tools/compiler/ti-cgt-arm_20.2.7.LTS/lib" -i"F:/embedded system/ccs/tools/compiler/ti-cgt-arm_20.2.7.LTS/include" --reread_libs --diag_wrap=off --display_error_number --warn_sections --xml_link_info="Systick_linkInfo.xml" --rom_model -o "Systick.out" "./NVIC.obj" "./SysTick.obj" "./main.obj" "./tm4c123gh6pm_startup_ccs.obj" "../tm4c123gh6pm.cmd"  -llibc.a 
<Linking>
Finished building target: "Systick.out"
 

**** Build Finished ****

**** Build of configuration Debug for project Systick ****

"F:\\embedded system\\ccs\\utils\\bin\\gmake" -k -j 4 all -O 
 
Building file: "../NVIC.c"
Invoking: Arm Compiler
"F:/embedded system/ccs/tools/compiler/ti-cgt-arm_20.2.7.LTS/bin/armcl" -mv7M4 --code_state=16 --float_support=FPv4SPD16 -me --include_path="F:/embedded system/MT/Embadded System advanced/Systick_driver/Systick" --include_path="F:/embedded system/ccs/tools/compiler/ti-cgt-arm_20.2.7.LTS/include" --define=ccs="ccs" --define=PART_TM4C123GH6PM -g --gcc --diag_warning=225 --diag_wrap=off --display_error_number --abi=eabi --preproc_with_compile --preproc_dependency="NVIC.d_raw"  "../NVIC.c"
Finished building: "../NVIC.c"
 
Building target: "Systick.out"
Invoking: Arm Linker
"F:/embedded system/ccs/tools/compiler/ti-cgt-arm_20.2.7.LTS/bin/armcl" -mv7M4 --code_state=16 --float_support=FPv4SPD16 -me --define=ccs="ccs" --define=PART_TM4C123GH6PM -g --gcc --diag_warning=225 --diag_wrap=off --display_error_number --abi=eabi -z -m"Systick.map" --heap_size=0 --stack_size=512 -i"F:/embedded system/ccs/tools/compiler/ti-cgt-arm_20.2.7.LTS/lib" -i"F:/embedded system/ccs/tools/compiler/ti-cgt-arm_20.2.7.LTS/include" --reread_libs --diag_wrap=off --display_error_number --warn_sections --xml_link_info="Systick_linkInfo.xml" --rom_model -o "Systick.out" "./NVIC.obj" "./SysTick.obj" "./main.obj" "./tm4c123gh6pm_startup_ccs.obj" "../tm4c123gh6pm.cmd"  -llibc.a 
<Linking>
Finished building target: "Systick.out"
 

**** Build Finished ****

**** Build of configuration Debug for project Systick ****

"F:\\embedded system\\ccs\\utils\\bin\\gmake" -k -j 4 all -O 
 
Building file: "../SysTick.c"
Invoking: Arm Compiler
"F:/embedded system/ccs/tools/compiler/ti-cgt-arm_20.2.7.LTS/bin/armcl" -mv7M4 --code_state=16 --float_support=FPv4SPD16 -me --include_path="F:/embedded system/MT/Embadded System advanced/Systick_driver/Systick" --include_path="F:/embedded system/ccs/tools/compiler/ti-cgt-arm_20.2.7.LTS/include" --define=ccs="ccs" --define=PART_TM4C123GH6PM -g --gcc --diag_warning=225 --diag_wrap=off --display_error_number --abi=eabi --preproc_with_compile --preproc_dependency="SysTick.d_raw"  "../SysTick.c"
Finished building: "../SysTick.c"
 
Building file: "../NVIC.c"
Invoking: Arm Compiler
"F:/embedded system/ccs/tools/compiler/ti-cgt-arm_20.2.7.LTS/bin/armcl" -mv7M4 --code_state=16 --float_support=FPv4SPD16 -me --include_path="F:/embedded system/MT/Embadded System advanced/Systick_driver/Systick" --include_path="F:/embedded system/ccs/tools/compiler/ti-cgt-arm_20.2.7.LTS/include" --define=ccs="ccs" --define=PART_TM4C123GH6PM -g --gcc --diag_warning=225 --diag_wrap=off --display_error_number --abi=eabi --preproc_with_compile --preproc_dependency="NVIC.d_raw"  "../NVIC.c"
Finished building: "../NVIC.c"
 
Building file: "../main.c"
Invoking: Arm Compiler
"F:/embedded system/ccs/tools/compiler/ti-cgt-arm_20.2.7.LTS/bin/armcl" -mv7M4 --code_state=16 --float_support=FPv4SPD16 -me --include_path="F:/embedded system/MT/Embadded System advanced/Systick_driver/Systick" --include_path="F:/embedded system/ccs/tools/compiler/ti-cgt-arm_20.2.7.LTS/include" --define=ccs="ccs" --define=PART_TM4C123GH6PM -g --gcc --diag_warning=225 --diag_wrap=off --display_error_number --abi=eabi --preproc_with_compile --preproc_dependency="main.d_raw"  "../main.c"
"../main.c", line 97: warning #169-D: argument of type "void (*)(void)" is incompatible with parameter of type "volatile void (*)(void)"
Finished building: "../main.c"
 
Building target: "Systick.out"
Invoking: Arm Linker
"F:/embedded system/ccs/tools/compiler/ti-cgt-arm_20.2.7.LTS/bin/armcl" -mv7M4 --code_state=16 --float_support=FPv4SPD16 -me --define=ccs="ccs" --define=PART_TM4C123GH6PM -g --gcc --diag_warning=225 --diag_wrap=off --display_error_number --abi=eabi -z -m"Systick.map" --heap_size=0 --stack_size=512 -i"F:/embedded system/ccs/tools/compiler/ti-cgt-arm_20.2.7.LTS/lib" -i"F:/embedded system/ccs/tools/compiler/ti-cgt-arm_20.2.7.LTS/include" --reread_libs --diag_wrap=off --display_error_number --warn_sections --xml_link_info="Systick_linkInfo.xml" --rom_model -o "Systick.out" "./NVIC.obj" "./SysTick.obj" "./main.obj" "./tm4c123gh6pm_startup_ccs.obj" "../tm4c123gh6pm.cmd"  -llibc.a 
<Linking>
Finished building target: "Systick.out"
 

**** Build Finished ****

**** Build of configuration Debug for project Systick ****

"F:\\embedded system\\ccs\\utils\\bin\\gmake" -k -j 4 all -O 
 
gmake[1]: 'Systick.out' is up to date.

**** Build Finished ****

**** Build of configuration Debug for project Systick ****

"F:\\embedded system\\ccs\\utils\\bin\\gmake" -k -j 4 all -O 
 
gmake[1]: 'Systick.out' is up to date.

**** Build Finished ****

**** Build of configuration Debug for project Systick ****

"F:\\embedded system\\ccs\\utils\\bin\\gmake" -k -j 4 all -O 
 
Building file: "../NVIC.c"
Invoking: Arm Compiler
"F:/embedded system/ccs/tools/compiler/ti-cgt-arm_20.2.7.LTS/bin/armcl" -mv7M4 --code_state=16 --float_support=FPv4SPD16 -me --include_path="F:/embedded system/MT/Embadded System advanced/Systick_driver/Systick" --include_path="F:/embedded system/ccs/tools/compiler/ti-cgt-arm_20.2.7.LTS/include" --define=ccs="ccs" --define=PART_TM4C123GH6PM -g --gcc --diag_warning=225 --diag_wrap=off --display_error_number --abi=eabi --preproc_with_compile --preproc_dependency="NVIC.d_raw"  "../NVIC.c"
Finished building: "../NVIC.c"
 
Building target: "Systick.out"
Invoking: Arm Linker
"F:/embedded system/ccs/tools/compiler/ti-cgt-arm_20.2.7.LTS/bin/armcl" -mv7M4 --code_state=16 --float_support=FPv4SPD16 -me --define=ccs="ccs" --define=PART_TM4C123GH6PM -g --gcc --diag_warning=225 --diag_wrap=off --display_error_number --abi=eabi -z -m"Systick.map" --heap_size=0 --stack_size=512 -i"F:/embedded system/ccs/tools/compiler/ti-cgt-arm_20.2.7.LTS/lib" -i"F:/embedded system/ccs/tools/compiler/ti-cgt-arm_20.2.7.LTS/include" --reread_libs --diag_wrap=off --display_error_number --warn_sections --xml_link_info="Systick_linkInfo.xml" --rom_model -o "Systick.out" "./NVIC.obj" "./SysTick.obj" "./main.obj" "./tm4c123gh6pm_startup_ccs.obj" "../tm4c123gh6pm.cmd"  -llibc.a 
<Linking>
Finished building target: "Systick.out"
 

**** Build Finished ****
